INFO:     Started server process [21040]
INFO:     Waiting for application startup.
'(MaxRetryError("HTTPSConnectionPool(host='huggingface.co', port=443): Max retries exceeded with url: /distilbert-base-uncased-finetuned-sst-2-english/resolve/main/config.json (Caused by ConnectTimeoutError(<urllib3.connection.HTTPSConnection object at 0x000001A8653F03E0>, 'Connection to huggingface.co timed out. (connect timeout=10)'))"), '(Request ID: f0cf76b7-8867-42cb-8ace-f650bd464188)')' thrown while requesting HEAD https://huggingface.co/distilbert-base-uncased-finetuned-sst-2-english/resolve/main/config.json
Retrying in 1s [Retry 1/5].
'(MaxRetryError("HTTPSConnectionPool(host='huggingface.co', port=443): Max retries exceeded with url: /distilbert-base-uncased-finetuned-sst-2-english/resolve/main/config.json (Caused by ConnectTimeoutError(<urllib3.connection.HTTPSConnection object at 0x000001A8653F2030>, 'Connection to huggingface.co timed out. (connect timeout=10)'))"), '(Request ID: d1a8bbfd-cf15-4f9a-9673-9106132af709)')' thrown while requesting HEAD https://huggingface.co/distilbert-base-uncased-finetuned-sst-2-english/resolve/main/config.json
Retrying in 2s [Retry 2/5].
'(MaxRetryError("HTTPSConnectionPool(host='huggingface.co', port=443): Max retries exceeded with url: /distilbert-base-uncased-finetuned-sst-2-english/resolve/main/config.json (Caused by ConnectTimeoutError(<urllib3.connection.HTTPSConnection object at 0x000001A8653F0E30>, 'Connection to huggingface.co timed out. (connect timeout=10)'))"), '(Request ID: 349c1f1c-6ef3-404e-827b-905212834ef4)')' thrown while requesting HEAD https://huggingface.co/distilbert-base-uncased-finetuned-sst-2-english/resolve/main/config.json
Retrying in 4s [Retry 3/5].
'(MaxRetryError("HTTPSConnectionPool(host='huggingface.co', port=443): Max retries exceeded with url: /distilbert-base-uncased-finetuned-sst-2-english/resolve/main/config.json (Caused by ConnectTimeoutError(<urllib3.connection.HTTPSConnection object at 0x000001A8653F03B0>, 'Connection to huggingface.co timed out. (connect timeout=10)'))"), '(Request ID: f91b7cf4-98d7-405c-9a8c-44340bad8c32)')' thrown while requesting HEAD https://huggingface.co/distilbert-base-uncased-finetuned-sst-2-english/resolve/main/config.json
Retrying in 8s [Retry 4/5].
'(ReadTimeoutError("HTTPSConnectionPool(host='huggingface.co', port=443): Read timed out. (read timeout=10)"), '(Request ID: 05f0940b-2066-4953-9782-c7223a7698b5)')' thrown while requesting HEAD https://huggingface.co/distilbert-base-uncased-finetuned-sst-2-english/resolve/main/config.json
Retrying in 8s [Retry 5/5].
'(ReadTimeoutError("HTTPSConnectionPool(host='huggingface.co', port=443): Read timed out. (read timeout=10)"), '(Request ID: 6493144f-0c2d-47ca-a3df-b0c6f262e943)')' thrown while requesting HEAD https://huggingface.co/distilbert-base-uncased-finetuned-sst-2-english/resolve/main/config.json
'(ReadTimeoutError("HTTPSConnectionPool(host='huggingface.co', port=443): Read timed out. (read timeout=10)"), '(Request ID: 0624d33e-e15e-4b1e-ac65-120390895f80)')' thrown while requesting HEAD https://huggingface.co/distilbert-base-uncased-finetuned-sst-2-english/resolve/main/config.json
Retrying in 1s [Retry 1/5].
'(ReadTimeoutError("HTTPSConnectionPool(host='huggingface.co', port=443): Read timed out. (read timeout=10)"), '(Request ID: 7fbf1e36-2102-4ce1-b53c-da35b5584d6b)')' thrown while requesting HEAD https://huggingface.co/distilbert-base-uncased-finetuned-sst-2-english/resolve/main/config.json
Retrying in 2s [Retry 2/5].
'(MaxRetryError("HTTPSConnectionPool(host='huggingface.co', port=443): Max retries exceeded with url: /distilbert-base-uncased-finetuned-sst-2-english/resolve/main/config.json (Caused by ConnectTimeoutError(<urllib3.connection.HTTPSConnection object at 0x000001A8653F34A0>, 'Connection to huggingface.co timed out. (connect timeout=10)'))"), '(Request ID: f6963efe-9d6c-43ee-aaeb-29c559345765)')' thrown while requesting HEAD https://huggingface.co/distilbert-base-uncased-finetuned-sst-2-english/resolve/main/config.json
Retrying in 4s [Retry 3/5].
'(MaxRetryError("HTTPSConnectionPool(host='huggingface.co', port=443): Max retries exceeded with url: /distilbert-base-uncased-finetuned-sst-2-english/resolve/main/config.json (Caused by ConnectTimeoutError(<urllib3.connection.HTTPSConnection object at 0x000001A8653F3860>, 'Connection to huggingface.co timed out. (connect timeout=10)'))"), '(Request ID: e6514db5-d9b9-4154-9c1d-6fce8f65e2f1)')' thrown while requesting HEAD https://huggingface.co/distilbert-base-uncased-finetuned-sst-2-english/resolve/main/config.json
Retrying in 8s [Retry 4/5].
INFO:     Started server process [7912]
INFO:     Waiting for application startup.
'(MaxRetryError("HTTPSConnectionPool(host='huggingface.co', port=443): Max retries exceeded with url: /distilbert-base-uncased-finetuned-sst-2-english/resolve/main/config.json (Caused by ConnectTimeoutError(<urllib3.connection.HTTPSConnection object at 0x0000025472EC18B0>, 'Connection to huggingface.co timed out. (connect timeout=10)'))"), '(Request ID: b4c5df96-d92f-4895-ad11-a3e68ffba9d2)')' thrown while requesting HEAD https://huggingface.co/distilbert-base-uncased-finetuned-sst-2-english/resolve/main/config.json
Retrying in 1s [Retry 1/5].
'(MaxRetryError('HTTPSConnectionPool(host=\'huggingface.co\', port=443): Max retries exceeded with url: /distilbert-base-uncased-finetuned-sst-2-english/resolve/main/config.json (Caused by NameResolutionError("<urllib3.connection.HTTPSConnection object at 0x0000025472EC1040>: Failed to resolve \'huggingface.co\' ([Errno 11001] getaddrinfo failed)"))'), '(Request ID: 089c9bc9-d803-4632-b11a-4bf402d00a01)')' thrown while requesting HEAD https://huggingface.co/distilbert-base-uncased-finetuned-sst-2-english/resolve/main/config.json
Retrying in 2s [Retry 2/5].
'(MaxRetryError("HTTPSConnectionPool(host='huggingface.co', port=443): Max retries exceeded with url: /distilbert-base-uncased-finetuned-sst-2-english/resolve/main/config.json (Caused by ConnectTimeoutError(<urllib3.connection.HTTPSConnection object at 0x0000025472EC1610>, 'Connection to huggingface.co timed out. (connect timeout=10)'))"), '(Request ID: 5bee0d8f-9ee6-4fc2-9ac0-01969627d2f8)')' thrown while requesting HEAD https://huggingface.co/distilbert-base-uncased-finetuned-sst-2-english/resolve/main/config.json
Retrying in 4s [Retry 3/5].
'(MaxRetryError("HTTPSConnectionPool(host='huggingface.co', port=443): Max retries exceeded with url: /distilbert-base-uncased-finetuned-sst-2-english/resolve/main/config.json (Caused by ConnectTimeoutError(<urllib3.connection.HTTPSConnection object at 0x0000025472EC2C90>, 'Connection to huggingface.co timed out. (connect timeout=10)'))"), '(Request ID: ada5cf7e-7b97-4da9-adaa-786b9f8aa5c1)')' thrown while requesting HEAD https://huggingface.co/distilbert-base-uncased-finetuned-sst-2-english/resolve/main/config.json
Retrying in 8s [Retry 4/5].
Xet Storage is enabled for this repo, but the 'hf_xet' package is not installed. Falling back to regular HTTP download. For better performance, install the package with: `pip install huggingface_hub[hf_xet]` or `pip install hf_xet`
Device set to use cpu
INFO:     Application startup complete.
INFO:     Uvicorn running on http://0.0.0.0:8000 (Press CTRL+C to quit)
INFO:     Shutting down
INFO:     Waiting for application shutdown.
INFO:     Application shutdown complete.
INFO:     Finished server process [7912]
INFO:     Started server process [20652]
INFO:     Waiting for application startup.
'(MaxRetryError("HTTPSConnectionPool(host='huggingface.co', port=443): Max retries exceeded with url: /distilbert-base-uncased-finetuned-sst-2-english/resolve/main/config.json (Caused by ConnectTimeoutError(<urllib3.connection.HTTPSConnection object at 0x000001457DF92B40>, 'Connection to huggingface.co timed out. (connect timeout=10)'))"), '(Request ID: a8c92a8f-b913-4267-8d6a-30efd88ae29e)')' thrown while requesting HEAD https://huggingface.co/distilbert-base-uncased-finetuned-sst-2-english/resolve/main/config.json
Retrying in 1s [Retry 1/5].
'(ReadTimeoutError("HTTPSConnectionPool(host='huggingface.co', port=443): Read timed out. (read timeout=10)"), '(Request ID: 2031089f-7bb6-4697-8b59-f29340acdd72)')' thrown while requesting HEAD https://huggingface.co/distilbert-base-uncased-finetuned-sst-2-english/resolve/main/config.json
Retrying in 2s [Retry 2/5].
Device set to use cpu
INFO:     Application startup complete.
INFO:     Uvicorn running on http://0.0.0.0:8000 (Press CTRL+C to quit)
